#
# A fatal error has been detected by the Java Runtime Environment:
#
#  SIGSEGV (0xb) at pc=0x000000010c646ba3, pid=76675, tid=0x0000000000005403
#
# JRE version: Java(TM) SE Runtime Environment (8.0_202-b08) (build 1.8.0_202-b08)
# Java VM: Java HotSpot(TM) 64-Bit Server VM (25.202-b08 mixed mode bsd-amd64 compressed oops)
# Problematic frame:
# V  [libjvm.dylib+0x4caba3]
#
# Failed to write core dump. Core dumps have been disabled. To enable core dumping, try "ulimit -c unlimited" before starting Java again
#
# If you would like to submit a bug report, please visit:
#   http://bugreport.java.com/bugreport/crash.jsp
#

---------------  T H R E A D  ---------------

Current thread (0x00007fb97b023000):  VMThread [stack: 0x0000700000ff6000,0x00007000010f6000] [id=21507]

siginfo: si_signo: 11 (SIGSEGV), si_code: 0 (unknown), si_addr: 0x0000000000000000

Registers:
RAX=0x000028000000000a, RBX=0x0000000119f98f68, RCX=0x000000010bd2c000, RDX=0x000000000000c9b1
RSP=0x00007000010f56d0, RBP=0x00007000010f56f0, RSI=0x40000007401021e8, RDI=0x000000010ca77ec0
R8 =0x0000000000000000, R9 =0x0000000000000327, R10=0x000000000000c9c0, R11=0x000000010d135000
R12=0x40000007401021e8, R13=0x000000010c6437ba, R14=0x0000000119f95c50, R15=0x0000000119f98f68
RIP=0x000000010c646ba3, EFLAGS=0x0000000000010202, ERR=0x0000000000000000
  TRAPNO=0x000000000000000d

Top of Stack: (sp=0x00007000010f56d0)
0x00007000010f56d0:   0000000119f98f68 40000007401021e8
0x00007000010f56e0:   0000000119f95c50 0000000119f98f68
0x00007000010f56f0:   00007000010f5710 000000010c6437da
0x00007000010f5700:   0000000119f95c50 000000010ca77de0
0x00007000010f5710:   00007000010f57e0 000000010c5eac2c
0x00007000010f5720:   0000000000000000 0000000119f963a0
0x00007000010f5730:   0000000119f963a0 0000000119f95c50
0x00007000010f5740:   0000000119f98f3c 0000000119f90060
0x00007000010f5750:   0000000119f96398 000000011900ffff
0x00007000010f5760:   0000000119f963a0 0000000119f963a0
0x00007000010f5770:   0000000119f988e0 0000000119f963a0
0x00007000010f5780:   0000000119f988e0 0000000119f98f48
0x00007000010f5790:   000000010ca5ccf0 00007000010f5720
0x00007000010f57a0:   0000000000000000 0000000119f95ad8
0x00007000010f57b0:   000000010ca5cd50 0000000119f95c50
0x00007000010f57c0:   0000000000000000 0000000000000000
0x00007000010f57d0:   00007000010f5830 00007000010f5a01
0x00007000010f57e0:   00007000010f5800 000000010c46ad35
0x00007000010f57f0:   00007000010f5830 0000000119f95c50
0x00007000010f5800:   00007000010f5820 000000010c31aae7
0x00007000010f5810:   00007000010f5888 000000010ca77de0
0x00007000010f5820:   00007000010f58c0 000000010c6449af
0x00007000010f5830:   000000010ca56fc0 000000010ca77f00
0x00007000010f5840:   000000010ca77de0 000000010c645901
0x00007000010f5850:   000000010ca57040 000000010ca77f00
0x00007000010f5860:   000000010ca77de0 000000010ca57060
0x00007000010f5870:   000000010c796f00 000000010ca77de0
0x00007000010f5880:   000000010ca78001 000000010c796f49
0x00007000010f5890:   0000040280b80100 000000010ca78080
0x00007000010f58a0:   0000023a4cfbaf50 0000040280b8976c
0x00007000010f58b0:   00007fb97b805640 00007fb97b806380
0x00007000010f58c0:   00007000010f5bb0 000000010c646490 

Instructions: (pc=0x000000010c646ba3)
0x000000010c646b83:   5d c3 90 55 48 89 e5 41 57 41 56 41 54 53 48 89
0x000000010c646b93:   f0 48 2b 07 48 c1 e8 13 48 8d 04 80 48 8b 4f 18
0x000000010c646ba3:   48 8b 1c c1 8b 54 c1 18 41 b8 ff ff ff 07 44 23
0x000000010c646bb3:   44 c1 1c 49 01 d0 49 81 f8 00 00 01 00 49 89 f6 

Register to memory mapping:

RAX=0x000028000000000a is an unknown value
RBX=0x0000000119f98f68 is at entry_point+11208 in (nmethod*)0x0000000119f95c50
RCX=0x000000010bd2c000 is an unknown value
RDX=0x000000000000c9b1 is an unknown value
RSP=0x00007000010f56d0 is an unknown value
RBP=0x00007000010f56f0 is an unknown value
RSI=0x40000007401021e8 is an unknown value
RDI=0x000000010ca77ec0: _ZN17PSParallelCompact13_summary_dataE+0 in /Library/Java/JavaVirtualMachines/jdk1.8.0_202.jdk/Contents/Home/jre/lib/server/libjvm.dylib at 0x000000010c17c000
R8 =0x0000000000000000 is an unknown value
R9 =0x0000000000000327 is an unknown value
R10=0x000000000000c9c0 is an unknown value
R11=0x000000010d135000 is an unknown value
R12=0x40000007401021e8 is an unknown value
R13=0x000000010c6437ba: _ZN17PSParallelCompact20AdjustPointerClosure6do_oopEPP7oopDesc+0 in /Library/Java/JavaVirtualMachines/jdk1.8.0_202.jdk/Contents/Home/jre/lib/server/libjvm.dylib at 0x000000010c17c000
R14=0x0000000119f95c50 is at entry_point+-1872 in (nmethod*)0x0000000119f95c50
R15=0x0000000119f98f68 is at entry_point+11208 in (nmethod*)0x0000000119f95c50


Stack: [0x0000700000ff6000,0x00007000010f6000],  sp=0x00007000010f56d0,  free space=1021k
Native frames: (J=compiled Java code, j=interpreted, Vv=VM code, C=native code)
V  [libjvm.dylib+0x4caba3]
V  [libjvm.dylib+0x4c77da]
V  [libjvm.dylib+0x46ec2c]
V  [libjvm.dylib+0x2eed35]
V  [libjvm.dylib+0x19eae7]
V  [libjvm.dylib+0x4c89af]
V  [libjvm.dylib+0x4ca490]
V  [libjvm.dylib+0x4caa67]
V  [libjvm.dylib+0x5b7cb3]
V  [libjvm.dylib+0x5be60d]
V  [libjvm.dylib+0x5bcba5]
V  [libjvm.dylib+0x5bcff2]
V  [libjvm.dylib+0x5bc911]
V  [libjvm.dylib+0x48f30a]
C  [libsystem_pthread.dylib+0x64e1]  _pthread_start+0x7d
C  [libsystem_pthread.dylib+0x1f6b]  thread_start+0xf

VM_Operation (0x0000700001e1f728): ParallelGCSystemGC, mode: safepoint, requested by thread 0x00007fb97b5fe000


---------------  P R O C E S S  ---------------

Java Threads: ( => current thread )
  0x00007fb97b5fe000 JavaThread "" [_thread_blocked, id=23463, stack(0x0000700001d20000,0x0000700001e20000)]
  0x00007fb97af73800 
[error occurred during error reporting (printing all threads), id 0xb]

VM state:at safepoint (normal execution)

VM Mutex/Monitor currently owned by a thread:  ([mutex/lock_event])
[0x0000600002bf1480] Threads_lock - owner thread: 0x00007fb97b023000
[0x0000600002bf1980] Heap_lock - owner thread: 0x00007fb97b5fe000

heap address: 0x0000000740000000, size: 2048 MB, Compressed Oops mode: Zero based, Oop shift amount: 3
Narrow klass base: 0x0000000000000000, Narrow klass shift: 3
Compressed class space size: 1073741824 Address: 0x00000007c0000000

Heap:
 PSYoungGen      total 446464K, used 4689K [0x0000000795580000, 0x00000007b1100000, 0x00000007c0000000)
  eden space 440320K, 0% used [0x0000000795580000,0x0000000795580000,0x00000007b0380000)
  from space 6144K, 76% used [0x00000007b0a00000,0x00000007b0e94500,0x00000007b1000000)
  to   space 6656K, 0% used [0x00000007b0380000,0x00000007b0380000,0x00000007b0a00000)
 ParOldGen       total 101888K, used 22654K [0x0000000740000000, 0x0000000746380000, 0x0000000795580000)
  object space 101888K, 22% used [0x0000000740000000,0x000000074161fa28,0x0000000746380000)
 Metaspace       used 67294K, capacity 74488K, committed 74664K, reserved 1114112K
  class space    used 9464K, capacity 10862K, committed 10928K, reserved 1048576K

Card table byte_map: [0x000000010b680000,0x000000010ba81000] byte_map_base: 0x0000000107c80000

Marking Bits: (ParMarkBitMap*) 0x000000010ca77e40
 Begin Bits: [0x000000010d135000, 0x000000010f135000)
 End Bits:   [0x000000010f135000, 0x0000000111135000)

Polling page: 0x000000010b1f9000

CodeCache: size=245760Kb used=19248Kb max_used=19248Kb free=226511Kb
 bounds [0x0000000119208000, 0x000000011a4d8000, 0x0000000128208000]
 total_blobs=10893 nmethods=10312 adapters=493
 compilation: enabled

Compilation events (10 events):
Event: 2401.573 Thread 0x00007fb97b035800 10439       1       java.rmi.server.RMIClassLoader::getClassAnnotation (8 bytes)
Event: 2401.573 Thread 0x00007fb97b035800 nmethod 10439 0x000000011a4d5ed0 code [0x000000011a4d6040, 0x000000011a4d6148]
Event: 2402.197 Thread 0x00007fb97b035800 10440       1       java.util.Arrays::fill (28 bytes)
Event: 2402.197 Thread 0x00007fb97b035800 nmethod 10440 0x000000011a4d61d0 code [0x000000011a4d6340, 0x000000011a4d6548]
Event: 2448.819 Thread 0x00007fb97b035800 10441       1       org.springframework.orm.jpa.AbstractEntityManagerFactoryBean::isSingleton (2 bytes)
Event: 2448.819 Thread 0x00007fb97b035800 nmethod 10441 0x000000011a4d6690 code [0x000000011a4d67e0, 0x000000011a4d68f0]
Event: 2448.821 Thread 0x00007fb97b035800 10442       1       org.springframework.context.support.DefaultLifecycleProcessor::access$000 (5 bytes)
Event: 2448.821 Thread 0x00007fb97b035800 nmethod 10442 0x000000011a4d6950 code [0x000000011a4d6aa0, 0x000000011a4d6b90]
Event: 2448.859 Thread 0x00007fb97b035800 10443       1       java.util.concurrent.ConcurrentHashMap::mappingCount (17 bytes)
Event: 2448.860 Thread 0x00007fb97b035800 nmethod 10443 0x000000011a4d6c10 code [0x000000011a4d6d80, 0x000000011a4d6ec8]

GC Heap History (10 events):
Event: 1989.311 GC heap after
Heap after GC invocations=72 (full 32):
 PSYoungGen      total 447488K, used 3510K [0x0000000795580000, 0x00000007b1100000, 0x00000007c0000000)
  eden space 440832K, 0% used [0x0000000795580000,0x0000000795580000,0x00000007b0400000)
  from space 6656K, 52% used [0x00000007b0a80000,0x00000007b0ded9e8,0x00000007b1100000)
  to   space 6656K, 0% used [0x00000007b0400000,0x00000007b0400000,0x00000007b0a80000)
 ParOldGen       total 101888K, used 23191K [0x0000000740000000, 0x0000000746380000, 0x0000000795580000)
  object space 101888K, 22% used [0x0000000740000000,0x00000007416a5f40,0x0000000746380000)
 Metaspace       used 66961K, capacity 74000K, committed 74152K, reserved 1112064K
  class space    used 9441K, capacity 10810K, committed 10928K, reserved 1048576K
}
Event: 1989.311 GC heap before
{Heap before GC invocations=73 (full 33):
 PSYoungGen      total 447488K, used 3510K [0x0000000795580000, 0x00000007b1100000, 0x00000007c0000000)
  eden space 440832K, 0% used [0x0000000795580000,0x0000000795580000,0x00000007b0400000)
  from space 6656K, 52% used [0x00000007b0a80000,0x00000007b0ded9e8,0x00000007b1100000)
  to   space 6656K, 0% used [0x00000007b0400000,0x00000007b0400000,0x00000007b0a80000)
 ParOldGen       total 101888K, used 23191K [0x0000000740000000, 0x0000000746380000, 0x0000000795580000)
  object space 101888K, 22% used [0x0000000740000000,0x00000007416a5f40,0x0000000746380000)
 Metaspace       used 66961K, capacity 74000K, committed 74152K, reserved 1112064K
  class space    used 9441K, capacity 10810K, committed 10928K, reserved 1048576K
Event: 1989.662 GC heap after
Heap after GC invocations=73 (full 33):
 PSYoungGen      total 447488K, used 0K [0x0000000795580000, 0x00000007b1100000, 0x00000007c0000000)
  eden space 440832K, 0% used [0x0000000795580000,0x0000000795580000,0x00000007b0400000)
  from space 6656K, 0% used [0x00000007b0a80000,0x00000007b0a80000,0x00000007b1100000)
  to   space 6656K, 0% used [0x00000007b0400000,0x00000007b0400000,0x00000007b0a80000)
 ParOldGen       total 101888K, used 23359K [0x0000000740000000, 0x0000000746380000, 0x0000000795580000)
  object space 101888K, 22% used [0x0000000740000000,0x00000007416cfc38,0x0000000746380000)
 Metaspace       used 66955K, capacity 73988K, committed 74152K, reserved 1112064K
  class space    used 9440K, capacity 10807K, committed 10928K, reserved 1048576K
}
Event: 2165.741 GC heap before
{Heap before GC invocations=74 (full 33):
 PSYoungGen      total 447488K, used 194876K [0x0000000795580000, 0x00000007b1100000, 0x00000007c0000000)
  eden space 440832K, 44% used [0x0000000795580000,0x00000007a13cf2e0,0x00000007b0400000)
  from space 6656K, 0% used [0x00000007b0a80000,0x00000007b0a80000,0x00000007b1100000)
  to   space 6656K, 0% used [0x00000007b0400000,0x00000007b0400000,0x00000007b0a80000)
 ParOldGen       total 101888K, used 23359K [0x0000000740000000, 0x0000000746380000, 0x0000000795580000)
  object space 101888K, 22% used [0x0000000740000000,0x00000007416cfc38,0x0000000746380000)
 Metaspace       used 67177K, capacity 74330K, committed 74408K, reserved 1112064K
  class space    used 9462K, capacity 10853K, committed 10928K, reserved 1048576K
Event: 2165.772 GC heap after
Heap after GC invocations=74 (full 33):
 PSYoungGen      total 444928K, used 3592K [0x0000000795580000, 0x00000007b1000000, 0x00000007c0000000)
  eden space 440832K, 0% used [0x0000000795580000,0x0000000795580000,0x00000007b0400000)
  from space 4096K, 87% used [0x00000007b0400000,0x00000007b0782280,0x00000007b0800000)
  to   space 6144K, 0% used [0x00000007b0a00000,0x00000007b0a00000,0x00000007b1000000)
 ParOldGen       total 101888K, used 23367K [0x0000000740000000, 0x0000000746380000, 0x0000000795580000)
  object space 101888K, 22% used [0x0000000740000000,0x00000007416d1c38,0x0000000746380000)
 Metaspace       used 67177K, capacity 74330K, committed 74408K, reserved 1112064K
  class space    used 9462K, capacity 10853K, committed 10928K, reserved 1048576K
}
Event: 2165.772 GC heap before
{Heap before GC invocations=75 (full 34):
 PSYoungGen      total 444928K, used 3592K [0x0000000795580000, 0x00000007b1000000, 0x00000007c0000000)
  eden space 440832K, 0% used [0x0000000795580000,0x0000000795580000,0x00000007b0400000)
  from space 4096K, 87% used [0x00000007b0400000,0x00000007b0782280,0x00000007b0800000)
  to   space 6144K, 0% used [0x00000007b0a00000,0x00000007b0a00000,0x00000007b1000000)
 ParOldGen       total 101888K, used 23367K [0x0000000740000000, 0x0000000746380000, 0x0000000795580000)
  object space 101888K, 22% used [0x0000000740000000,0x00000007416d1c38,0x0000000746380000)
 Metaspace       used 67177K, capacity 74330K, committed 74408K, reserved 1112064K
  class space    used 9462K, capacity 10853K, committed 10928K, reserved 1048576K
Event: 2166.296 GC heap after
Heap after GC invocations=75 (full 34):
 PSYoungGen      total 444928K, used 0K [0x0000000795580000, 0x00000007b1000000, 0x00000007c0000000)
  eden space 440832K, 0% used [0x0000000795580000,0x0000000795580000,0x00000007b0400000)
  from space 4096K, 0% used [0x00000007b0400000,0x00000007b0400000,0x00000007b0800000)
  to   space 6144K, 0% used [0x00000007b0a00000,0x00000007b0a00000,0x00000007b1000000)
 ParOldGen       total 101888K, used 22646K [0x0000000740000000, 0x0000000746380000, 0x0000000795580000)
  object space 101888K, 22% used [0x0000000740000000,0x000000074161da28,0x0000000746380000)
 Metaspace       used 67031K, capacity 74088K, committed 74408K, reserved 1112064K
  class space    used 9435K, capacity 10803K, committed 10928K, reserved 1048576K
}
Event: 2449.113 GC heap before
{Heap before GC invocations=76 (full 34):
 PSYoungGen      total 444928K, used 336103K [0x0000000795580000, 0x00000007b1000000, 0x00000007c0000000)
  eden space 440832K, 76% used [0x0000000795580000,0x00000007a9db9c30,0x00000007b0400000)
  from space 4096K, 0% used [0x00000007b0400000,0x00000007b0400000,0x00000007b0800000)
  to   space 6144K, 0% used [0x00000007b0a00000,0x00000007b0a00000,0x00000007b1000000)
 ParOldGen       total 101888K, used 22646K [0x0000000740000000, 0x0000000746380000, 0x0000000795580000)
  object space 101888K, 22% used [0x0000000740000000,0x000000074161da28,0x0000000746380000)
 Metaspace       used 67294K, capacity 74488K, committed 74664K, reserved 1114112K
  class space    used 9464K, capacity 10862K, committed 10928K, reserved 1048576K
Event: 2449.210 GC heap after
Heap after GC invocations=76 (full 34):
 PSYoungGen      total 446464K, used 4689K [0x0000000795580000, 0x00000007b1100000, 0x00000007c0000000)
  eden space 440320K, 0% used [0x0000000795580000,0x0000000795580000,0x00000007b0380000)
  from space 6144K, 76% used [0x00000007b0a00000,0x00000007b0e94500,0x00000007b1000000)
  to   space 6656K, 0% used [0x00000007b0380000,0x00000007b0380000,0x00000007b0a00000)
 ParOldGen       total 101888K, used 22654K [0x0000000740000000, 0x0000000746380000, 0x0000000795580000)
  object space 101888K, 22% used [0x0000000740000000,0x000000074161fa28,0x0000000746380000)
 Metaspace       used 67294K, capacity 74488K, committed 74664K, reserved 1114112K
  class space    used 9464K, capacity 10862K, committed 10928K, reserved 1048576K
}
Event: 2449.210 GC heap before
{Heap before GC invocations=77 (full 35):
 PSYoungGen      total 446464K, used 4689K [0x0000000795580000, 0x00000007b1100000, 0x00000007c0000000)
  eden space 440320K, 0% used [0x0000000795580000,0x0000000795580000,0x00000007b0380000)
  from space 6144K, 76% used [0x00000007b0a00000,0x00000007b0e94500,0x00000007b1000000)
  to   space 6656K, 0% used [0x00000007b0380000,0x00000007b0380000,0x00000007b0a00000)
 ParOldGen       total 101888K, used 22654K [0x0000000740000000, 0x0000000746380000, 0x0000000795580000)
  object space 101888K, 22% used [0x0000000740000000,0x000000074161fa28,0x0000000746380000)
 Metaspace       used 67294K, capacity 74488K, committed 74664K, reserved 1114112K
  class space    used 9464K, capacity 10862K, committed 10928K, reserved 1048576K

Deoptimization events (0 events):
No events

Classes redefined (0 events):
No events

Internal exceptions (10 events):
Event: 2222.589 Thread 0x00007fb97ab3e000 Exception <a 'java/lang/ArrayIndexOutOfBoundsException'> (0x00000007a39eb688) thrown at [/Users/java_re/workspace/8-2-build-macosx-x86_64/jdk8u202/12323/hotspot/src/share/vm/runtime/sharedRuntime.cpp, line 605]
Event: 2222.616 Thread 0x00007fb97ab3e000 Exception <a 'java/lang/ArrayIndexOutOfBoundsException'> (0x00000007a3ac6ab0) thrown at [/Users/java_re/workspace/8-2-build-macosx-x86_64/jdk8u202/12323/hotspot/src/share/vm/runtime/sharedRuntime.cpp, line 605]
Event: 2222.622 Thread 0x00007fb97ab3e000 Exception <a 'java/lang/ArrayIndexOutOfBoundsException'> (0x00000007a3b0d860) thrown at [/Users/java_re/workspace/8-2-build-macosx-x86_64/jdk8u202/12323/hotspot/src/share/vm/runtime/sharedRuntime.cpp, line 605]
Event: 2222.622 Thread 0x00007fb97ab3e000 Exception <a 'java/lang/ArrayIndexOutOfBoundsException'> (0x00000007a3b11eb8) thrown at [/Users/java_re/workspace/8-2-build-macosx-x86_64/jdk8u202/12323/hotspot/src/share/vm/runtime/sharedRuntime.cpp, line 605]
Event: 2222.622 Thread 0x00007fb97ab3e000 Exception <a 'java/lang/ArrayIndexOutOfBoundsException'> (0x00000007a3b186d8) thrown at [/Users/java_re/workspace/8-2-build-macosx-x86_64/jdk8u202/12323/hotspot/src/share/vm/runtime/sharedRuntime.cpp, line 605]
Event: 2222.623 Thread 0x00007fb97ab3e000 Exception <a 'java/lang/ArrayIndexOutOfBoundsException'> (0x00000007a3b1cab8) thrown at [/Users/java_re/workspace/8-2-build-macosx-x86_64/jdk8u202/12323/hotspot/src/share/vm/runtime/sharedRuntime.cpp, line 605]
Event: 2222.623 Thread 0x00007fb97ab3e000 Exception <a 'java/lang/ArrayIndexOutOfBoundsException'> (0x00000007a3b26740) thrown at [/Users/java_re/workspace/8-2-build-macosx-x86_64/jdk8u202/12323/hotspot/src/share/vm/runtime/sharedRuntime.cpp, line 605]
Event: 2222.623 Thread 0x00007fb97ab3e000 Exception <a 'java/lang/ArrayIndexOutOfBoundsException'> (0x00000007a3b30028) thrown at [/Users/java_re/workspace/8-2-build-macosx-x86_64/jdk8u202/12323/hotspot/src/share/vm/runtime/sharedRuntime.cpp, line 605]
Event: 2222.762 Thread 0x00007fb97ab3e000 Exception <a 'java/lang/ArrayIndexOutOfBoundsException'> (0x00000007a413f388) thrown at [/Users/java_re/workspace/8-2-build-macosx-x86_64/jdk8u202/12323/hotspot/src/share/vm/runtime/sharedRuntime.cpp, line 605]
Event: 2448.848 Thread 0x00007fb97c53a800 Exception <a 'java/lang/InterruptedException': sleep interrupted> (0x00000007a9b92ba8) thrown at [/Users/java_re/workspace/8-2-build-macosx-x86_64/jdk8u202/12323/hotspot/src/share/vm/prims/jvm.cpp, line 3336]

Events (10 events):
Event: 2449.075 Executing VM operation: RevokeBias
Event: 2449.075 Executing VM operation: RevokeBias done
Event: 2449.078 Thread 0x00007fb97a2fe000 Thread added: 0x00007fb97a2fe000
Event: 2449.089 Executing VM operation: RevokeBias
Event: 2449.097 Executing VM operation: RevokeBias done
Event: 2449.098 Thread 0x00007fb97c539000 Thread exited: 0x00007fb97c539000
Event: 2449.111 Executing VM operation: RevokeBias
Event: 2449.112 Executing VM operation: RevokeBias done
Event: 2449.112 Thread 0x00007fb97a2fe000 Thread exited: 0x00007fb97a2fe000
Event: 2449.113 Executing VM operation: ParallelGCSystemGC


Dynamic libraries:
0x00007ff82e783000 	/System/Library/Frameworks/Cocoa.framework/Versions/A/Cocoa
0x00007ff81a3b6000 	/System/Library/Frameworks/AppKit.framework/Versions/C/AppKit
0x00007ff81d8cc000 	/System/Library/Frameworks/CoreData.framework/Versions/A/CoreData
0x00007ff8187b5000 	/System/Library/Frameworks/Foundation.framework/Versions/C/Foundation
0x00007ff8226ef000 	/usr/lib/libSystem.B.dylib
0x00007ff81b246000 	/System/Library/PrivateFrameworks/UIFoundation.framework/Versions/A/UIFoundation
0x00007ff828669000 	/System/Library/PrivateFrameworks/RemoteViewServices.framework/Versions/A/RemoteViewServices
0x00007ff820942000 	/System/Library/PrivateFrameworks/XCTTargetBootstrap.framework/Versions/A/XCTTargetBootstrap
0x00007ff8244ff000 	/System/Library/PrivateFrameworks/InternationalSupport.framework/Versions/A/InternationalSupport
0x00007ff824589000 	/System/Library/PrivateFrameworks/UserActivity.framework/Versions/A/UserActivity
0x00007ff8238d7000 	/usr/lib/libspindump.dylib
0x00007ff81b4d5000 	/System/Library/Frameworks/UniformTypeIdentifiers.framework/Versions/A/UniformTypeIdentifiers
0x00007ff81f067000 	/usr/lib/libapp_launch_measurement.dylib
0x00007ff81e29e000 	/System/Library/PrivateFrameworks/CoreAnalytics.framework/Versions/A/CoreAnalytics
0x00007ff81f06a000 	/System/Library/PrivateFrameworks/CoreAutoLayout.framework/Versions/A/CoreAutoLayout
0x00007ff82029a000 	/System/Library/Frameworks/Metal.framework/Versions/A/Metal
0x00007ff820fc9000 	/usr/lib/liblangid.dylib
0x00007ff820947000 	/System/Library/PrivateFrameworks/CoreSVG.framework/Versions/A/CoreSVG
0x00007ff81c8c0000 	/System/Library/PrivateFrameworks/SkyLight.framework/Versions/A/SkyLight
0x00007ff81cc5f000 	/System/Library/Frameworks/CoreGraphics.framework/Versions/A/CoreGraphics
0x00007ff828d2b000 	/System/Library/Frameworks/Accelerate.framework/Versions/A/Accelerate
0x00007ff823356000 	/System/Library/PrivateFrameworks/IconServices.framework/Versions/A/IconServices
0x00007ff82027f000 	/System/Library/Frameworks/IOSurface.framework/Versions/A/IOSurface
0x00007ff81e2cc000 	/usr/lib/libDiagnosticMessagesClient.dylib
0x00007ff82260f000 	/usr/lib/libz.1.dylib
0x00007ff82c427000 	/System/Library/Frameworks/ApplicationServices.framework/Versions/A/ApplicationServices
0x00007ff82092e000 	/System/Library/PrivateFrameworks/DFRFoundation.framework/Versions/A/DFRFoundation
0x00007ff819c9a000 	/usr/lib/libicucore.A.dylib
0x00007ff8252f5000 	/System/Library/Frameworks/AudioToolbox.framework/Versions/A/AudioToolbox
0x00007ff82450b000 	/System/Library/PrivateFrameworks/DataDetectorsCore.framework/Versions/A/DataDetectorsCore
0x00007ff920a0f000 	/System/Library/PrivateFrameworks/TextInput.framework/Versions/A/TextInput
0x00007ff81c843000 	/usr/lib/libMobileGestalt.dylib
0x00007ff82063a000 	/System/Library/Frameworks/Carbon.framework/Versions/A/Frameworks/HIToolbox.framework/Versions/A/HIToolbox
0x00007ff81ea69000 	/System/Library/Frameworks/QuartzCore.framework/Versions/A/QuartzCore
0x00007ff81993f000 	/System/Library/Frameworks/Security.framework/Versions/A/Security
0x00007ff8286a1000 	/System/Library/Frameworks/Carbon.framework/Versions/A/Frameworks/SpeechRecognition.framework/Versions/A/SpeechRecognition
0x00007ff81edc7000 	/System/Library/PrivateFrameworks/CoreUI.framework/Versions/A/CoreUI
0x00007ff819209000 	/System/Library/Frameworks/CoreAudio.framework/Versions/A/CoreAudio
0x00007ff81e3bb000 	/System/Library/Frameworks/DiskArbitration.framework/Versions/A/DiskArbitration
0x00007ff823cc8000 	/System/Library/PrivateFrameworks/MultitouchSupport.framework/Versions/A/MultitouchSupport
0x00007ff81c842000 	/usr/lib/libenergytrace.dylib
0x00007ff81a29e000 	/System/Library/Frameworks/IOKit.framework/Versions/A/IOKit
0x00007ff828a93000 	/System/Library/Frameworks/CoreServices.framework/Versions/A/CoreServices
0x00007ff81f001000 	/System/Library/PrivateFrameworks/PerformanceAnalysis.framework/Versions/A/PerformanceAnalysis
0x00007ffa306dd000 	/System/Library/Frameworks/OpenGL.framework/Versions/A/OpenGL
0x00007ff821c2b000 	/System/Library/PrivateFrameworks/MobileKeyBag.framework/Versions/A/MobileKeyBag
0x00007ff81777d000 	/usr/lib/libobjc.A.dylib
0x00007ff81d32b000 	/System/Library/Frameworks/ColorSync.framework/Versions/A/ColorSync
0x00007ff817938000 	/System/Library/Frameworks/CoreFoundation.framework/Versions/A/CoreFoundation
0x00007ff820bbf000 	/System/Library/Frameworks/CoreImage.framework/Versions/A/CoreImage
0x00007ff81901d000 	/System/Library/Frameworks/CoreText.framework/Versions/A/CoreText
0x00007ff820977000 	/System/Library/Frameworks/ImageIO.framework/Versions/A/ImageIO
0x00007ff8226f5000 	/System/Library/PrivateFrameworks/SoftLinking.framework/Versions/A/SoftLinking
0x00007ff81f0b2000 	/usr/lib/libxml2.2.dylib
0x00007ff817844000 	/usr/lib/libc++.1.dylib
0x00007ff822979000 	/usr/lib/libcompression.dylib
0x00007ff824432000 	/System/Library/PrivateFrameworks/TextureIO.framework/Versions/A/TextureIO
0x00007ff823067000 	/usr/lib/libate.dylib
0x00007ff8226ea000 	/usr/lib/system/libcache.dylib
0x00007ff8226a6000 	/usr/lib/system/libcommonCrypto.dylib
0x00007ff8226cf000 	/usr/lib/system/libcompiler_rt.dylib
0x00007ff8226c5000 	/usr/lib/system/libcopyfile.dylib
0x00007ff817678000 	/usr/lib/system/libcorecrypto.dylib
0x00007ff817736000 	/usr/lib/system/libdispatch.dylib
0x00007ff8178f7000 	/usr/lib/system/libdyld.dylib
0x00007ff8226e1000 	/usr/lib/system/libkeymgr.dylib
0x00007ff822684000 	/usr/lib/system/libmacho.dylib
0x00007ff821d05000 	/usr/lib/system/libquarantine.dylib
0x00007ff8226df000 	/usr/lib/system/libremovefile.dylib
0x00007ff81c890000 	/usr/lib/system/libsystem_asl.dylib
0x00007ff817621000 	/usr/lib/system/libsystem_blocks.dylib
0x00007ff8177bb000 	/usr/lib/system/libsystem_c.dylib
0x00007ff8226d7000 	/usr/lib/system/libsystem_collections.dylib
0x00007ff820fb9000 	/usr/lib/system/libsystem_configuration.dylib
0x00007ff820262000 	/usr/lib/system/libsystem_containermanager.dylib
0x00007ff8223bc000 	/usr/lib/system/libsystem_coreservices.dylib
0x00007ff819f2e000 	/usr/lib/system/libsystem_darwin.dylib
0x00007ff8226e2000 	/usr/lib/system/libsystem_dnssd.dylib
0x00007ff8177b8000 	/usr/lib/system/libsystem_featureflags.dylib
0x00007ff81790d000 	/usr/lib/system/libsystem_info.dylib
0x00007ff822622000 	/usr/lib/system/libsystem_m.dylib
0x00007ff81770a000 	/usr/lib/system/libsystem_malloc.dylib
0x00007ff81c82b000 	/usr/lib/system/libsystem_networkextension.dylib
0x00007ff81a358000 	/usr/lib/system/libsystem_notify.dylib
0x00007ff828966000 	/usr/lib/system/libsystem_product_info_filter.dylib
0x00007ff820fbd000 	/usr/lib/system/libsystem_sandbox.dylib
0x00007ff8226dc000 	/usr/lib/system/libsystem_secinit.dylib
0x00007ff8178b3000 	/usr/lib/system/libsystem_kernel.dylib
0x00007ff817903000 	/usr/lib/system/libsystem_platform.dylib
0x00007ff8178eb000 	/usr/lib/system/libsystem_pthread.dylib
0x00007ff81e0de000 	/usr/lib/system/libsystem_symptoms.dylib
0x00007ff81765f000 	/usr/lib/system/libsystem_trace.dylib
0x00007ff8226b2000 	/usr/lib/system/libunwind.dylib
0x00007ff817623000 	/usr/lib/system/libxpc.dylib
0x00007ff81789d000 	/usr/lib/libc++abi.dylib
0x00007ff8226bd000 	/usr/lib/liboah.dylib
0x00007ff822e43000 	/usr/lib/liblzma.5.dylib
0x00007ff8184c7000 	/System/Library/Frameworks/SystemConfiguration.framework/Versions/A/SystemConfiguration
0x00007ff8226f1000 	/usr/lib/libfakelink.dylib
0x00007ff81c39c000 	/System/Library/Frameworks/CFNetwork.framework/Versions/A/CFNetwork
0x00007ff822832000 	/usr/lib/libarchive.2.dylib
0x00007ff820fc5000 	/System/Library/PrivateFrameworks/AppleSystemInfo.framework/Versions/A/AppleSystemInfo
0x00007ff821d2c000 	/usr/lib/libbsm.0.dylib
0x00007ff81b9ab000 	/usr/lib/libnetwork.dylib
0x00007ff82268a000 	/usr/lib/system/libkxld.dylib
0x00007ff82195f000 	/System/Library/PrivateFrameworks/IOMobileFramebuffer.framework/Versions/A/IOMobileFramebuffer
0x00007ffb30093000 	/usr/lib/libCoreEntitlements.dylib
0x00007ff82239e000 	/System/Library/PrivateFrameworks/AppleFSCompression.framework/Versions/A/AppleFSCompression
0x00007ff821d14000 	/usr/lib/libcoretls.dylib
0x00007ff822e5d000 	/usr/lib/libcoretls_cfhelpers.dylib
0x00007ff822973000 	/usr/lib/libpam.2.dylib
0x00007ff81dcfd000 	/usr/lib/libsqlite3.dylib
0x00007ff822ecc000 	/usr/lib/libxar.1.dylib
0x00007ff8223ae000 	/usr/lib/libbz2.1.0.dylib
0x00007ff8226f6000 	/usr/lib/libpcap.A.dylib
0x00007ff81e0d6000 	/usr/lib/libdns_services.dylib
0x00007ff822943000 	/usr/lib/libapple_nghttp2.dylib
0x00007ff822730000 	/usr/lib/libiconv.2.dylib
0x00007ff822683000 	/usr/lib/libcharset.1.dylib
0x00007ff81f035000 	/System/Library/Frameworks/CoreServices.framework/Versions/A/Frameworks/FSEvents.framework/Versions/A/FSEvents
0x00007ff819f38000 	/System/Library/Frameworks/CoreServices.framework/Versions/A/Frameworks/CarbonCore.framework/Versions/A/CarbonCore
0x00007ff81e31f000 	/System/Library/Frameworks/CoreServices.framework/Versions/A/Frameworks/Metadata.framework/Versions/A/Metadata
0x00007ff8223c1000 	/System/Library/Frameworks/CoreServices.framework/Versions/A/Frameworks/OSServices.framework/Versions/A/OSServices
0x00007ff8228b8000 	/System/Library/Frameworks/CoreServices.framework/Versions/A/Frameworks/SearchKit.framework/Versions/A/SearchKit
0x00007ff81e068000 	/System/Library/Frameworks/CoreServices.framework/Versions/A/Frameworks/AE.framework/Versions/A/AE
0x00007ff817e3b000 	/System/Library/Frameworks/CoreServices.framework/Versions/A/Frameworks/LaunchServices.framework/Versions/A/LaunchServices
0x00007ff822df4000 	/System/Library/Frameworks/CoreServices.framework/Versions/A/Frameworks/DictionaryServices.framework/Versions/A/DictionaryServices
0x00007ff81f042000 	/System/Library/Frameworks/CoreServices.framework/Versions/A/Frameworks/SharedFileList.framework/Versions/A/SharedFileList
0x00007ff821d08000 	/usr/lib/libCheckFix.dylib
0x00007ff81c8a7000 	/System/Library/PrivateFrameworks/TCC.framework/Versions/A/TCC
0x00007ff820fcb000 	/System/Library/PrivateFrameworks/CoreNLP.framework/Versions/A/CoreNLP
0x00007ff81e2cf000 	/System/Library/PrivateFrameworks/MetadataUtilities.framework/Versions/A/MetadataUtilities
0x00007ff818578000 	/usr/lib/libmecabra.dylib
0x00007ff821d3c000 	/usr/lib/libmecab.dylib
0x00007ff818543000 	/usr/lib/libCRFSuite.dylib
0x00007ff821d96000 	/usr/lib/libgermantok.dylib
0x00007ff82291e000 	/usr/lib/libThaiTokenizer.dylib
0x00007ff81e3c2000 	/System/Library/Frameworks/Accelerate.framework/Versions/A/Frameworks/vImage.framework/Versions/A/vImage
0x00007ff828a6a000 	/System/Library/Frameworks/Accelerate.framework/Versions/A/Frameworks/vecLib.framework/Versions/A/vecLib
0x00007ff822f0d000 	/System/Library/Frameworks/Accelerate.framework/Versions/A/Frameworks/vecLib.framework/Versions/A/libvMisc.dylib
0x00007ff82178a000 	/System/Library/Frameworks/Accelerate.framework/Versions/A/Frameworks/vecLib.framework/Versions/A/libvDSP.dylib
0x00007ff8181b7000 	/System/Library/Frameworks/Accelerate.framework/Versions/A/Frameworks/vecLib.framework/Versions/A/libBLAS.dylib
0x00007ff822a56000 	/System/Library/Frameworks/Accelerate.framework/Versions/A/Frameworks/vecLib.framework/Versions/A/libLAPACK.dylib
0x00007ff821d99000 	/System/Library/Frameworks/Accelerate.framework/Versions/A/Frameworks/vecLib.framework/Versions/A/libLinearAlgebra.dylib
0x00007ff82295b000 	/System/Library/Frameworks/Accelerate.framework/Versions/A/Frameworks/vecLib.framework/Versions/A/libSparseBLAS.dylib
0x00007ff822a50000 	/System/Library/Frameworks/Accelerate.framework/Versions/A/Frameworks/vecLib.framework/Versions/A/libQuadrature.dylib
0x00007ff8210b6000 	/System/Library/Frameworks/Accelerate.framework/Versions/A/Frameworks/vecLib.framework/Versions/A/libBNNS.dylib
0x00007ff818451000 	/System/Library/Frameworks/Accelerate.framework/Versions/A/Frameworks/vecLib.framework/Versions/A/libSparse.dylib
0x00007ff8210af000 	/System/Library/PrivateFrameworks/LinguisticData.framework/Versions/A/LinguisticData
0x00007ff818407000 	/System/Library/PrivateFrameworks/Lexicon.framework/Versions/A/Lexicon
0x00007ff822f06000 	/usr/lib/libChineseTokenizer.dylib
0x00007ff818b72000 	/System/Library/PrivateFrameworks/LanguageModeling.framework/Versions/A/LanguageModeling
0x00007ff822920000 	/System/Library/PrivateFrameworks/AppleSauce.framework/Versions/A/AppleSauce
0x00007ff82194d000 	/System/Library/PrivateFrameworks/CoreEmoji.framework/Versions/A/CoreEmoji
0x00007ff822821000 	/usr/lib/libcmph.dylib
0x00007ff81f019000 	/System/Library/Frameworks/OpenDirectory.framework/Versions/A/Frameworks/CFOpenDirectory.framework/Versions/A/CFOpenDirectory
0x00007ff81f00d000 	/System/Library/Frameworks/OpenDirectory.framework/Versions/A/OpenDirectory
0x00007ff822e5f000 	/System/Library/PrivateFrameworks/APFS.framework/Versions/A/APFS
0x00007ff821c63000 	/System/Library/Frameworks/SecurityFoundation.framework/Versions/A/SecurityFoundation
0x00007ff822eda000 	/usr/lib/libutil.dylib
0x00007ff81a262000 	/System/Library/PrivateFrameworks/CoreServicesStore.framework/Versions/A/CoreServicesStore
0x00007ff822ede000 	/usr/lib/libxslt.1.dylib
0x00007ff821cf0000 	/System/Library/PrivateFrameworks/BackgroundTaskManagement.framework/Versions/A/BackgroundTaskManagement
0x00007ff824352000 	/System/Library/Frameworks/ImageIO.framework/Versions/A/Resources/libRadiance.dylib
0x00007ff82435b000 	/System/Library/Frameworks/ImageIO.framework/Versions/A/Resources/libJPEG.dylib
0x00007ff8242a7000 	/System/Library/Frameworks/ImageIO.framework/Versions/A/Resources/libPng.dylib
0x00007ff8242c8000 	/System/Library/Frameworks/ImageIO.framework/Versions/A/Resources/libTIFF.dylib
0x00007ff8243bb000 	/System/Library/Frameworks/ImageIO.framework/Versions/A/Resources/libGIF.dylib
0x00007ff823be1000 	/System/Library/Frameworks/ImageIO.framework/Versions/A/Resources/libJP2.dylib
0x00007ff82331c000 	/usr/lib/libexpat.1.dylib
0x00007ff823b96000 	/System/Library/PrivateFrameworks/AppleJPEG.framework/Versions/A/AppleJPEG
0x00007ff8204ff000 	/System/Library/PrivateFrameworks/FontServices.framework/libFontParser.dylib
0x00007ff81e012000 	/System/Library/PrivateFrameworks/RunningBoardServices.framework/Versions/A/RunningBoardServices
0x00007ff82ed3e000 	/System/Library/PrivateFrameworks/IOSurfaceAccelerator.framework/Versions/A/IOSurfaceAccelerator
0x00007ff823cc4000 	/System/Library/PrivateFrameworks/WatchdogClient.framework/Versions/A/WatchdogClient
0x00007ff818c60000 	/System/Library/Frameworks/CoreDisplay.framework/Versions/A/CoreDisplay
0x00007ff8203fd000 	/System/Library/Frameworks/CoreMedia.framework/Versions/A/CoreMedia
0x00007ff820291000 	/System/Library/PrivateFrameworks/IOAccelerator.framework/Versions/A/IOAccelerator
0x00007ff81f196000 	/System/Library/Frameworks/CoreVideo.framework/Versions/A/CoreVideo
0x00007ff822971000 	/System/Library/Frameworks/MetalPerformanceShaders.framework/Versions/A/MetalPerformanceShaders
0x00007ff823d01000 	/System/Library/Frameworks/VideoToolbox.framework/Versions/A/VideoToolbox
0x00007ff81df5c000 	/System/Library/PrivateFrameworks/BaseBoard.framework/Versions/A/BaseBoard
0x00007ff81dce3000 	/System/Library/PrivateFrameworks/ProtocolBuffer.framework/Versions/A/ProtocolBuffer
0x00007ff82434b000 	/System/Library/PrivateFrameworks/GPUWrangler.framework/Versions/A/GPUWrangler
0x00007ff82432f000 	/System/Library/PrivateFrameworks/IOPresentment.framework/Versions/A/IOPresentment
0x00007ff824355000 	/System/Library/PrivateFrameworks/DSExternalDisplay.framework/Versions/A/DSExternalDisplay
0x00007ffa306d1000 	/System/Library/Frameworks/OpenGL.framework/Versions/A/Libraries/libCoreFSCache.dylib
0x00007ffb1d7a6000 	/System/Library/PrivateFrameworks/GPUCompiler.framework/Versions/31001/Libraries/libGPUCompilerUtils.dylib
0x00007ff8243c0000 	/System/Library/PrivateFrameworks/CMCaptureCore.framework/Versions/A/CMCaptureCore
0x00007ff8238c5000 	/System/Library/PrivateFrameworks/AppServerSupport.framework/Versions/A/AppServerSupport
0x00007ff825b8e000 	/System/Library/PrivateFrameworks/perfdata.framework/Versions/A/perfdata
0x00007ff818d8c000 	/System/Library/PrivateFrameworks/AudioToolboxCore.framework/Versions/A/AudioToolboxCore
0x00007ff8203db000 	/System/Library/PrivateFrameworks/caulk.framework/Versions/A/caulk
0x00007ff8254a0000 	/usr/lib/libAudioStatistics.dylib
0x00007ff91d194000 	/System/Library/PrivateFrameworks/SystemPolicy.framework/Versions/A/SystemPolicy
0x00007ff8256fb000 	/usr/lib/libSMC.dylib
0x00007ff82e636000 	/System/Library/Frameworks/CoreMIDI.framework/Versions/A/CoreMIDI
0x00007ff824276000 	/usr/lib/libAudioToolboxUtility.dylib
0x00007ff9193b4000 	/System/Library/PrivateFrameworks/OSAServicesClient.framework/Versions/A/OSAServicesClient
0x00007ff825b9b000 	/usr/lib/libperfcheck.dylib
0x00007ff91dc45000 	/usr/lib/libmis.dylib
0x00007ffa3072c000 	/System/Library/Frameworks/OpenGL.framework/Versions/A/Libraries/libGLU.dylib
0x00007ffa306f0000 	/System/Library/Frameworks/OpenGL.framework/Versions/A/Libraries/libGFXShared.dylib
0x00007ffa308f9000 	/System/Library/Frameworks/OpenGL.framework/Versions/A/Libraries/libGL.dylib
0x00007ffa306f9000 	/System/Library/Frameworks/OpenGL.framework/Versions/A/Libraries/libGLImage.dylib
0x00007ffa306ed000 	/System/Library/Frameworks/OpenGL.framework/Versions/A/Libraries/libCVMSPluginSupport.dylib
0x00007ffa306d8000 	/System/Library/Frameworks/OpenGL.framework/Versions/A/Libraries/libCoreVMClient.dylib
0x00007ff820f47000 	/System/Library/Frameworks/MetalPerformanceShaders.framework/Versions/A/Frameworks/MPSCore.framework/Versions/A/MPSCore
0x00007ff822309000 	/System/Library/Frameworks/MetalPerformanceShaders.framework/Versions/A/Frameworks/MPSImage.framework/Versions/A/MPSImage
0x00007ff821daf000 	/System/Library/Frameworks/MetalPerformanceShaders.framework/Versions/A/Frameworks/MPSNeuralNetwork.framework/Versions/A/MPSNeuralNetwork
0x00007ff822223000 	/System/Library/Frameworks/MetalPerformanceShaders.framework/Versions/A/Frameworks/MPSMatrix.framework/Versions/A/MPSMatrix
0x00007ff821fde000 	/System/Library/Frameworks/MetalPerformanceShaders.framework/Versions/A/Frameworks/MPSRayIntersector.framework/Versions/A/MPSRayIntersector
0x00007ff82225b000 	/System/Library/Frameworks/MetalPerformanceShaders.framework/Versions/A/Frameworks/MPSNDArray.framework/Versions/A/MPSNDArray
0x00007ffa361b1000 	/System/Library/Frameworks/MetalPerformanceShaders.framework/Versions/A/Frameworks/MPSFunctions.framework/Versions/A/MPSFunctions
0x00007ff818093000 	/System/Library/PrivateFrameworks/MetalTools.framework/Versions/A/MetalTools
0x00007ff820fc3000 	/System/Library/PrivateFrameworks/AggregateDictionary.framework/Versions/A/AggregateDictionary
0x00007ff8230fe000 	/usr/lib/libIOReport.dylib
0x00007ffa31d08000 	/System/Library/Frameworks/OpenCL.framework/Versions/A/OpenCL
0x00007ff823463000 	/System/Library/PrivateFrameworks/FaceCore.framework/Versions/A/FaceCore
0x00007ff823454000 	/System/Library/PrivateFrameworks/GraphVisualizer.framework/Versions/A/GraphVisualizer
0x00007ffb1d6b1000 	/System/Library/PrivateFrameworks/FontServices.framework/Versions/A/FontServices
0x00007ff82387d000 	/System/Library/PrivateFrameworks/OTSVG.framework/Versions/A/OTSVG
0x00007ff81ed7c000 	/System/Library/Frameworks/ApplicationServices.framework/Versions/A/Frameworks/ATS.framework/Versions/A/Resources/libFontRegistry.dylib
0x00007ff8238cd000 	/System/Library/PrivateFrameworks/FontServices.framework/libhvf.dylib
0x00007ffb1d6b2000 	/System/Library/PrivateFrameworks/FontServices.framework/libXTFontStaticRegistryData.dylib
0x00007ff8232cc000 	/System/Library/PrivateFrameworks/AppleVA.framework/Versions/A/AppleVA
0x00007ff8254c0000 	/System/Library/Frameworks/ApplicationServices.framework/Versions/A/Frameworks/ATS.framework/Versions/A/ATS
0x00007ff81d429000 	/System/Library/Frameworks/ApplicationServices.framework/Versions/A/Frameworks/HIServices.framework/Versions/A/HIServices
0x00007ff8243ca000 	/System/Library/Frameworks/ApplicationServices.framework/Versions/A/Frameworks/PrintCore.framework/Versions/A/PrintCore
0x00007ff82584e000 	/System/Library/Frameworks/ApplicationServices.framework/Versions/A/Frameworks/QD.framework/Versions/A/QD
0x00007ff825846000 	/System/Library/Frameworks/ApplicationServices.framework/Versions/A/Frameworks/ColorSyncLegacy.framework/Versions/A/ColorSyncLegacy
0x00007ff8254b0000 	/System/Library/Frameworks/ApplicationServices.framework/Versions/A/Frameworks/SpeechSynthesis.framework/Versions/A/SpeechSynthesis
0x00007ff82438b000 	/System/Library/Frameworks/ApplicationServices.framework/Versions/A/Frameworks/ATSUI.framework/Versions/A/ATSUI
0x00007ff8257db000 	/usr/lib/libcups.2.dylib
0x00007ff825baa000 	/System/Library/Frameworks/Kerberos.framework/Versions/A/Kerberos
0x00007ff825bb9000 	/System/Library/Frameworks/GSS.framework/Versions/A/GSS
0x00007ff82552c000 	/usr/lib/libresolv.9.dylib
0x00007ff8238dc000 	/System/Library/PrivateFrameworks/Heimdal.framework/Versions/A/Heimdal
0x00007ff82c7b9000 	/System/Library/Frameworks/Kerberos.framework/Versions/A/Libraries/libHeimdalProxy.dylib
0x00007ff81e0e6000 	/System/Library/Frameworks/Network.framework/Versions/A/Network
0x00007ff823337000 	/usr/lib/libheimdal-asn1.dylib
0x00007ff825c04000 	/System/Library/PrivateFrameworks/CommonAuth.framework/Versions/A/CommonAuth
0x00007ff825432000 	/System/Library/PrivateFrameworks/AudioSession.framework/Versions/A/AudioSession
0x00007ff8233c7000 	/System/Library/PrivateFrameworks/MediaExperience.framework/Versions/A/MediaExperience
0x00007ff8252c4000 	/System/Library/PrivateFrameworks/AudioSession.framework/libSessionUtility.dylib
0x00007ff82585a000 	/System/Library/PrivateFrameworks/AudioResourceArbitration.framework/Versions/A/AudioResourceArbitration
0x00007ff8298dd000 	/System/Library/PrivateFrameworks/PowerLog.framework/Versions/A/PowerLog
0x00007ff823340000 	/System/Library/PrivateFrameworks/IconFoundation.framework/Versions/A/IconFoundation
0x00007ff828691000 	/System/Library/PrivateFrameworks/SpeechRecognitionCore.framework/Versions/A/SpeechRecognitionCore
0x000000010c17c000 	/Library/Java/JavaVirtualMachines/jdk1.8.0_202.jdk/Contents/Home/jre/lib/server/libjvm.dylib
0x00007ffb30b1f000 	/usr/lib/libstdc++.6.dylib
0x000000010b206000 	/Library/Java/JavaVirtualMachines/jdk1.8.0_202.jdk/Contents/Home/jre/lib/libverify.dylib
0x000000010b24a000 	/Library/Java/JavaVirtualMachines/jdk1.8.0_202.jdk/Contents/Home/jre/lib/libjava.dylib
0x000000010b21d000 	/Library/Java/JavaVirtualMachines/jdk1.8.0_202.jdk/Contents/Home/jre/lib/libzip.dylib
0x000000010c154000 	/Library/Java/JavaVirtualMachines/jdk1.8.0_202.jdk/Contents/Home/jre/lib/libmanagement.dylib
0x000000010c162000 	/Library/Java/JavaVirtualMachines/jdk1.8.0_202.jdk/Contents/Home/jre/lib/libnet.dylib
0x0000000113819000 	/Library/Java/JavaVirtualMachines/jdk1.8.0_202.jdk/Contents/Home/jre/lib/libnio.dylib
0x0000000115212000 	/Library/Java/JavaVirtualMachines/jdk1.8.0_202.jdk/Contents/Home/jre/lib/libsunec.dylib

VM Arguments:
jvm_args: -Dcom.sun.management.jmxremote -Dcom.sun.management.jmxremote.port=52004 -Dcom.sun.management.jmxremote.authenticate=false -Dcom.sun.management.jmxremote.ssl=false -Djava.rmi.server.hostname=localhost -Dspring.jmx.enabled=true -Dmanagement.endpoints.jmx.exposure.include=* -Dspring.application.admin.enabled=true -Djava.security.egd=file:/dev/./urandom -Dspring.output.ansi.enabled=always -XX:TieredStopAtLevel=1 -Dspring.boot.project.name=truper -Dfile.encoding=UTF-8 -Dstdout.encoding=UTF-8 -Dstderr.encoding=UTF-8 
java_command: com.example.TruperApplication
java_class_path (initial): /Users/bibianaromero/eclipse-workspace/truper/truper/target/classes:/Users/bibianaromero/.m2/repository/org/springframework/boot/spring-boot-starter-data-jpa/2.7.0/spring-boot-starter-data-jpa-2.7.0.jar:/Users/bibianaromero/.m2/repository/org/springframework/boot/spring-boot-starter-aop/2.7.0/spring-boot-starter-aop-2.7.0.jar:/Users/bibianaromero/.m2/repository/org/springframework/spring-aop/5.3.20/spring-aop-5.3.20.jar:/Users/bibianaromero/.m2/repository/org/aspectj/aspectjweaver/1.9.7/aspectjweaver-1.9.7.jar:/Users/bibianaromero/.m2/repository/org/springframework/boot/spring-boot-starter-jdbc/2.7.0/spring-boot-starter-jdbc-2.7.0.jar:/Users/bibianaromero/.m2/repository/com/zaxxer/HikariCP/4.0.3/HikariCP-4.0.3.jar:/Users/bibianaromero/.m2/repository/org/springframework/spring-jdbc/5.3.20/spring-jdbc-5.3.20.jar:/Users/bibianaromero/.m2/repository/jakarta/transaction/jakarta.transaction-api/1.3.3/jakarta.transaction-api-1.3.3.jar:/Users/bibianaromero/.m2/repository/jakarta/persistence/jakarta.persistence-api/2.2.3/jakarta.persistence-api-2.2.3.jar:/Users/bibianaromero/.m2/repository/org/hibernate/hibernate-core/5.6.9.Final/hibernate-core-5.6.9.Final.jar:/Users/bibianaromero/.m2/repository/org/jboss/logging/jboss-logging/3.4.3.Final/jboss-logging-3.4.3.Final.jar:/Users/bibianaromero/.m2/repository/net/bytebuddy/byte-buddy/1.12.10/byte-buddy-1.12.10.jar:/Users/bibianaromero/.m2/repository/antlr/antlr/2.7.7/antlr-2.7.7.jar:/Users/bibianaromero/.m2/repository/org/jboss/jandex/2.4.2.Final/jandex-2.4.2.Final.jar:/Users/bibianaromero/.m2/repository/com/fasterxml/classmate/1.5.1/classmate-1.5.1.jar:/Users/bibianaromero/.m2/repository/org/hibernate/common/hibernate-commons-annotations/5.1.2.Final/hibernate-commons-annotations-5.1.2.Final.jar:/Users/bibianaromero/.m2/repository/org/glassfish/jaxb/jaxb-runtime/2.3.6/jaxb-runtime-2.3.6.jar:/Users/bibianaromero/.m2/repository/org/glassfish/jaxb/txw2/2.3.6/txw2-2.3.6.jar:/Users/bibianaromero/.m2/reposit
Launcher Type: SUN_STANDARD

Environment Variables:
PATH=/usr/bin:/bin:/usr/sbin:/sbin
SHELL=/bin/zsh

Signal Handlers:
SIGSEGV: [libjvm.dylib+0x5b719d], sa_mask[0]=11111111011111110111111111111111, sa_flags=SA_ONSTACK|SA_RESTART|SA_SIGINFO
SIGBUS: [libjvm.dylib+0x5b719d], sa_mask[0]=11111111011111110111111111111111, sa_flags=SA_RESTART|SA_SIGINFO
SIGFPE: [libjvm.dylib+0x48c8fc], sa_mask[0]=11111111011111110111111111111111, sa_flags=SA_RESTART|SA_SIGINFO
SIGPIPE: [libjvm.dylib+0x48c8fc], sa_mask[0]=11111111011111110111111111111111, sa_flags=SA_RESTART|SA_SIGINFO
SIGXFSZ: [libjvm.dylib+0x48c8fc], sa_mask[0]=11111111011111110111111111111111, sa_flags=SA_RESTART|SA_SIGINFO
SIGILL: [libjvm.dylib+0x48c8fc], sa_mask[0]=11111111011111110111111111111111, sa_flags=SA_RESTART|SA_SIGINFO
SIGUSR1: SIG_DFL, sa_mask[0]=00000000000000000000000000000000, sa_flags=none
SIGUSR2: [libjvm.dylib+0x48c41a], sa_mask[0]=00000000000000000000000000000000, sa_flags=SA_RESTART|SA_SIGINFO
SIGHUP: [libjvm.dylib+0x48a9a5], sa_mask[0]=11111111011111110111111111111111, sa_flags=SA_RESTART|SA_SIGINFO
SIGINT: [libjvm.dylib+0x48a9a5], sa_mask[0]=11111111011111110111111111111111, sa_flags=SA_RESTART|SA_SIGINFO
SIGTERM: [libjvm.dylib+0x48a9a5], sa_mask[0]=11111111011111110111111111111111, sa_flags=SA_RESTART|SA_SIGINFO
SIGQUIT: [libjvm.dylib+0x48a9a5], sa_mask[0]=11111111011111110111111111111111, sa_flags=SA_RESTART|SA_SIGINFO


---------------  S Y S T E M  ---------------

OS:Bsduname:Darwin 21.6.0 Darwin Kernel Version 21.6.0: Mon Jun 24 00:56:10 PDT 2024; root:xnu-8020.240.18.709.2~1/RELEASE_X86_64 x86_64
rlimit: STACK 8192k, CORE 0k, NPROC 1392, NOFILE 10240, AS infinity
load average:8.18 6.86 6.94

CPU:total 4 (initial active 4) (2 cores per cpu, 2 threads per core) family 6 model 61 stepping 4, cmov, cx8, fxsr, mmx, sse, sse2, sse3, ssse3, sse4.1, sse4.2, popcnt, avx, avx2, aes, clmul, erms, rtm, 3dnowpref, lzcnt, ht, tsc, tscinvbit, bmi1, bmi2, adx

Memory: 4k page, physical 8388608k(135808k free)

/proc/meminfo:


vm_info: Java HotSpot(TM) 64-Bit Server VM (25.202-b08) for bsd-amd64 JRE (1.8.0_202-b08), built on Dec 15 2018 20:16:16 by "java_re" with gcc 4.2.1 (Based on Apple Inc. build 5658) (LLVM build 2336.11.00)

time: Mon Apr 14 12:13:46 2025
timezone: CST
elapsed time: 2449 seconds (0d 0h 40m 49s)

